[0m03:48:01.737551 [debug] [MainThread]: Sending event: {'category': 'dbt', 'action': 'invocation', 'label': 'start', 'context': [<snowplow_tracker.self_describing_json.SelfDescribingJson object at 0x1102beea0>, <snowplow_tracker.self_describing_json.SelfDescribingJson object at 0x1102dfe60>, <snowplow_tracker.self_describing_json.SelfDescribingJson object at 0x1102beed0>]}


============================== 03:48:01.739046 | 4bffc562-0b92-4841-884d-c4148ac40c63 ==============================
[0m03:48:01.739046 [info ] [MainThread]: Running with dbt=1.5.2
[0m03:48:01.739415 [debug] [MainThread]: running dbt with arguments {'version_check': 'True', 'warn_error': 'None', 'debug': 'False', 'indirect_selection': 'eager', 'log_cache_events': 'False', 'profiles_dir': '/Users/marcoelumba/.dbt', 'static_parser': 'True', 'write_json': 'True', 'quiet': 'False', 'use_colors': 'True', 'send_anonymous_usage_stats': 'True', 'printer_width': '80', 'fail_fast': 'False', 'introspect': 'True', 'cache_selected_only': 'False', 'log_format': 'default', 'partial_parse': 'True', 'no_print': 'None', 'target_path': 'None', 'log_path': 'logs', 'warn_error_options': 'WarnErrorOptions(include=[], exclude=[])', 'use_experimental_parser': 'False'}
[0m03:48:08.972235 [debug] [MainThread]: Starter project path: /opt/anaconda3/lib/python3.12/site-packages/dbt/include/starter_project
[0m03:48:17.436305 [info ] [MainThread]: 
Your new dbt project "data" was created!

For more information on how to configure the profiles.yml file,
please consult the dbt documentation here:

  https://docs.getdbt.com/docs/configure-your-profile

One more thing:

Need help? Don't hesitate to reach out to us via GitHub issues or on Slack:

  https://community.getdbt.com/

Happy modeling!

[0m03:48:17.436885 [debug] [MainThread]: Command `dbt init` succeeded at 03:48:17.436769 after 15.71 seconds
[0m03:48:17.437112 [debug] [MainThread]: Sending event: {'category': 'dbt', 'action': 'invocation', 'label': 'end', 'context': [<snowplow_tracker.self_describing_json.SelfDescribingJson object at 0x1102417f0>, <snowplow_tracker.self_describing_json.SelfDescribingJson object at 0x1100fe8a0>, <snowplow_tracker.self_describing_json.SelfDescribingJson object at 0x1073b8ec0>]}
[0m03:48:17.437339 [debug] [MainThread]: Flushing usage events
[0m03:57:34.288967 [debug] [MainThread]: Sending event: {'category': 'dbt', 'action': 'invocation', 'label': 'start', 'context': [<snowplow_tracker.self_describing_json.SelfDescribingJson object at 0x107dd8620>, <snowplow_tracker.self_describing_json.SelfDescribingJson object at 0x1117dff80>, <snowplow_tracker.self_describing_json.SelfDescribingJson object at 0x1117dfad0>]}


============================== 03:57:34.290296 | 78c76085-9225-488d-9d19-7d96bf68345e ==============================
[0m03:57:34.290296 [info ] [MainThread]: Running with dbt=1.5.2
[0m03:57:34.290658 [debug] [MainThread]: running dbt with arguments {'log_path': 'logs', 'warn_error': 'None', 'target_path': 'None', 'indirect_selection': 'eager', 'send_anonymous_usage_stats': 'True', 'no_print': 'None', 'quiet': 'False', 'fail_fast': 'False', 'write_json': 'True', 'static_parser': 'True', 'printer_width': '80', 'log_format': 'default', 'use_colors': 'True', 'cache_selected_only': 'False', 'introspect': 'True', 'log_cache_events': 'False', 'profiles_dir': '/Users/marcoelumba/.dbt', 'use_experimental_parser': 'False', 'partial_parse': 'True', 'debug': 'False', 'version_check': 'True', 'warn_error_options': 'WarnErrorOptions(include=[], exclude=[])'}
[0m03:57:34.290934 [info ] [MainThread]: dbt version: 1.5.2
[0m03:57:34.291096 [info ] [MainThread]: python version: 3.12.4
[0m03:57:34.291241 [info ] [MainThread]: python path: /opt/anaconda3/bin/python
[0m03:57:34.291385 [info ] [MainThread]: os info: macOS-15.1.1-arm64-arm-64bit
[0m03:57:34.291523 [info ] [MainThread]: Using profiles.yml file at /Users/marcoelumba/.dbt/profiles.yml
[0m03:57:34.291657 [info ] [MainThread]: Using dbt_project.yml file at /Users/marcoelumba/Documents/monorepo/dbt/dbt_project.yml
[0m03:57:34.291801 [info ] [MainThread]: Configuration:
[0m03:57:34.294796 [info ] [MainThread]: Error importing adapter: No module named 'dbt.adapters.bigquery'
[0m03:57:34.296339 [info ] [MainThread]: Error importing adapter: No module named 'dbt.adapters.bigquery'
[0m03:57:34.316652 [info ] [MainThread]:   profiles.yml file [[31mERROR invalid[0m]
[0m03:57:34.316914 [info ] [MainThread]:   dbt_project.yml file [[31mERROR not found[0m]
[0m03:57:34.317087 [info ] [MainThread]: Required dependencies:
[0m03:57:34.317283 [debug] [MainThread]: Executing "git --help"
[0m03:57:34.325178 [debug] [MainThread]: STDOUT: "b"usage: git [-v | --version] [-h | --help] [-C <path>] [-c <name>=<value>]\n           [--exec-path[=<path>]] [--html-path] [--man-path] [--info-path]\n           [-p | --paginate | -P | --no-pager] [--no-replace-objects] [--bare]\n           [--git-dir=<path>] [--work-tree=<path>] [--namespace=<name>]\n           [--config-env=<name>=<envvar>] <command> [<args>]\n\nThese are common Git commands used in various situations:\n\nstart a working area (see also: git help tutorial)\n   clone     Clone a repository into a new directory\n   init      Create an empty Git repository or reinitialize an existing one\n\nwork on the current change (see also: git help everyday)\n   add       Add file contents to the index\n   mv        Move or rename a file, a directory, or a symlink\n   restore   Restore working tree files\n   rm        Remove files from the working tree and from the index\n\nexamine the history and state (see also: git help revisions)\n   bisect    Use binary search to find the commit that introduced a bug\n   diff      Show changes between commits, commit and working tree, etc\n   grep      Print lines matching a pattern\n   log       Show commit logs\n   show      Show various types of objects\n   status    Show the working tree status\n\ngrow, mark and tweak your common history\n   branch    List, create, or delete branches\n   commit    Record changes to the repository\n   merge     Join two or more development histories together\n   rebase    Reapply commits on top of another base tip\n   reset     Reset current HEAD to the specified state\n   switch    Switch branches\n   tag       Create, list, delete or verify a tag object signed with GPG\n\ncollaborate (see also: git help workflows)\n   fetch     Download objects and refs from another repository\n   pull      Fetch from and integrate with another repository or a local branch\n   push      Update remote refs along with associated objects\n\n'git help -a' and 'git help -g' list available subcommands and some\nconcept guides. See 'git help <command>' or 'git help <concept>'\nto read about a specific subcommand or concept.\nSee 'git help git' for an overview of the system.\n""
[0m03:57:34.325692 [debug] [MainThread]: STDERR: "b''"
[0m03:57:34.325903 [info ] [MainThread]:  - git [[32mOK found[0m]

[0m03:57:34.326151 [info ] [MainThread]: [31m2 checks failed:[0m
[0m03:57:34.326305 [info ] [MainThread]: Could not load dbt_project.yml

[0m03:57:34.326454 [info ] [MainThread]: Profile loading failed for the following reason:
Runtime Error
  Credentials in profile "default", target "dev" invalid: Runtime Error
    Could not find adapter type bigquery!

Runtime Error
  Credentials in profile "monoreposeu", target "dev" invalid: Runtime Error
    Could not find adapter type bigquery!


[0m03:57:34.326872 [debug] [MainThread]: Command `dbt debug` failed at 03:57:34.326808 after 0.05 seconds
[0m03:57:34.327073 [debug] [MainThread]: Sending event: {'category': 'dbt', 'action': 'invocation', 'label': 'end', 'context': [<snowplow_tracker.self_describing_json.SelfDescribingJson object at 0x1116c53d0>, <snowplow_tracker.self_describing_json.SelfDescribingJson object at 0x105203740>, <snowplow_tracker.self_describing_json.SelfDescribingJson object at 0x1111806e0>]}
[0m03:57:34.327285 [debug] [MainThread]: Flushing usage events
[0m15:37:31.568287 [debug] [MainThread]: Sending event: {'category': 'dbt', 'action': 'invocation', 'label': 'start', 'context': [<snowplow_tracker.self_describing_json.SelfDescribingJson object at 0x1068133b0>, <snowplow_tracker.self_describing_json.SelfDescribingJson object at 0x108519100>, <snowplow_tracker.self_describing_json.SelfDescribingJson object at 0x108518c50>]}


============================== 15:37:31.570053 | 621f5f9a-fe3b-4540-9394-b3cd865f38ca ==============================
[0m15:37:31.570053 [info ] [MainThread]: Running with dbt=1.8.9
[0m15:37:31.570416 [debug] [MainThread]: running dbt with arguments {'empty': 'None', 'no_print': 'None', 'quiet': 'False', 'log_path': 'logs', 'use_experimental_parser': 'False', 'write_json': 'True', 'fail_fast': 'False', 'profiles_dir': '/Users/marcoelumba/.dbt', 'use_colors': 'True', 'warn_error_options': 'WarnErrorOptions(include=[], exclude=[])', 'indirect_selection': 'eager', 'target_path': 'None', 'partial_parse': 'True', 'log_format': 'default', 'warn_error': 'None', 'cache_selected_only': 'False', 'invocation_command': 'dbt debug', 'debug': 'False', 'log_cache_events': 'False', 'send_anonymous_usage_stats': 'True', 'version_check': 'True', 'static_parser': 'True', 'introspect': 'True', 'printer_width': '80'}
[0m15:37:31.577629 [info ] [MainThread]: dbt version: 1.8.9
[0m15:37:31.577861 [info ] [MainThread]: python version: 3.12.4
[0m15:37:31.578014 [info ] [MainThread]: python path: /opt/anaconda3/bin/python3
[0m15:37:31.578158 [info ] [MainThread]: os info: macOS-15.1.1-arm64-arm-64bit
[0m15:37:32.860829 [info ] [MainThread]: Using profiles dir at /Users/marcoelumba/.dbt
[0m15:37:32.861117 [info ] [MainThread]: Using profiles.yml file at /Users/marcoelumba/.dbt/profiles.yml
[0m15:37:32.861277 [info ] [MainThread]: Using dbt_project.yml file at /Users/marcoelumba/Documents/monorepo/postgres/dbt_project.yml
[0m15:37:32.861451 [error] [MainThread]: Encountered an error:
Internal Error
  Profile should not be None if loading profile completed
[0m15:37:32.861691 [debug] [MainThread]: Resource report: {"command_name": "debug", "command_success": false, "command_wall_clock_time": 1.322517, "process_in_blocks": "0", "process_kernel_time": 0.385333, "process_mem_max_rss": "238780416", "process_out_blocks": "0", "process_user_time": 2.766327}
[0m15:37:32.861940 [debug] [MainThread]: Command `dbt debug` failed at 15:37:32.861905 after 1.32 seconds
[0m15:37:32.862104 [debug] [MainThread]: Sending event: {'category': 'dbt', 'action': 'invocation', 'label': 'end', 'context': [<snowplow_tracker.self_describing_json.SelfDescribingJson object at 0x108518e60>, <snowplow_tracker.self_describing_json.SelfDescribingJson object at 0x12463fef0>, <snowplow_tracker.self_describing_json.SelfDescribingJson object at 0x1240504d0>]}
[0m15:37:32.862275 [debug] [MainThread]: Flushing usage events
