[0m01:35:59.654331 [debug] [MainThread]: Sending event: {'category': 'dbt', 'action': 'invocation', 'label': 'start', 'context': [<snowplow_tracker.self_describing_json.SelfDescribingJson object at 0x106bef990>, <snowplow_tracker.self_describing_json.SelfDescribingJson object at 0x106bfbad0>, <snowplow_tracker.self_describing_json.SelfDescribingJson object at 0x106bfbf90>]}


============================== 01:35:59.656776 | 4c5b7121-b41e-41e1-b3b2-1c526dbfa3b4 ==============================
[0m01:35:59.656776 [info ] [MainThread]: Running with dbt=1.6.5
[0m01:35:59.657094 [debug] [MainThread]: running dbt with arguments {'printer_width': '80', 'indirect_selection': 'eager', 'log_cache_events': 'False', 'write_json': 'True', 'partial_parse': 'True', 'cache_selected_only': 'False', 'warn_error': 'None', 'version_check': 'True', 'fail_fast': 'False', 'log_path': 'logs', 'profiles_dir': '/Users/marcoelumba/.dbt', 'debug': 'False', 'use_colors': 'True', 'use_experimental_parser': 'False', 'no_print': 'None', 'quiet': 'False', 'log_format': 'default', 'static_parser': 'True', 'introspect': 'True', 'invocation_command': 'dbt debug', 'target_path': 'None', 'warn_error_options': 'WarnErrorOptions(include=[], exclude=[])', 'send_anonymous_usage_stats': 'True'}
[0m01:35:59.657378 [info ] [MainThread]: dbt version: 1.6.5
[0m01:35:59.657545 [info ] [MainThread]: python version: 3.11.5
[0m01:35:59.657696 [info ] [MainThread]: python path: /opt/homebrew/opt/python@3.11/bin/python3.11
[0m01:35:59.657835 [info ] [MainThread]: os info: macOS-15.1.1-arm64-arm-64bit
[0m01:35:59.866902 [info ] [MainThread]: Error importing adapter: No module named 'dbt.adapters.postgres'
[0m01:35:59.867250 [info ] [MainThread]: Using profiles dir at /Users/marcoelumba/.dbt
[0m01:35:59.867401 [info ] [MainThread]: Using profiles.yml file at /Users/marcoelumba/.dbt/profiles.yml
[0m01:35:59.867538 [info ] [MainThread]: Using dbt_project.yml file at /Users/marcoelumba/Documents/monorepo/dbt_project.yml
[0m01:35:59.867669 [info ] [MainThread]: Configuration:
[0m01:35:59.867793 [info ] [MainThread]:   profiles.yml file [[31mERROR invalid[0m]
[0m01:35:59.867913 [info ] [MainThread]:   dbt_project.yml file [[31mERROR not found[0m]
[0m01:35:59.868030 [info ] [MainThread]: Required dependencies:
[0m01:35:59.868177 [debug] [MainThread]: Executing "git --help"
[0m01:35:59.876336 [debug] [MainThread]: STDOUT: "b"usage: git [-v | --version] [-h | --help] [-C <path>] [-c <name>=<value>]\n           [--exec-path[=<path>]] [--html-path] [--man-path] [--info-path]\n           [-p | --paginate | -P | --no-pager] [--no-replace-objects] [--bare]\n           [--git-dir=<path>] [--work-tree=<path>] [--namespace=<name>]\n           [--config-env=<name>=<envvar>] <command> [<args>]\n\nThese are common Git commands used in various situations:\n\nstart a working area (see also: git help tutorial)\n   clone     Clone a repository into a new directory\n   init      Create an empty Git repository or reinitialize an existing one\n\nwork on the current change (see also: git help everyday)\n   add       Add file contents to the index\n   mv        Move or rename a file, a directory, or a symlink\n   restore   Restore working tree files\n   rm        Remove files from the working tree and from the index\n\nexamine the history and state (see also: git help revisions)\n   bisect    Use binary search to find the commit that introduced a bug\n   diff      Show changes between commits, commit and working tree, etc\n   grep      Print lines matching a pattern\n   log       Show commit logs\n   show      Show various types of objects\n   status    Show the working tree status\n\ngrow, mark and tweak your common history\n   branch    List, create, or delete branches\n   commit    Record changes to the repository\n   merge     Join two or more development histories together\n   rebase    Reapply commits on top of another base tip\n   reset     Reset current HEAD to the specified state\n   switch    Switch branches\n   tag       Create, list, delete or verify a tag object signed with GPG\n\ncollaborate (see also: git help workflows)\n   fetch     Download objects and refs from another repository\n   pull      Fetch from and integrate with another repository or a local branch\n   push      Update remote refs along with associated objects\n\n'git help -a' and 'git help -g' list available subcommands and some\nconcept guides. See 'git help <command>' or 'git help <concept>'\nto read about a specific subcommand or concept.\nSee 'git help git' for an overview of the system.\n""
[0m01:35:59.877064 [debug] [MainThread]: STDERR: "b''"
[0m01:35:59.877284 [info ] [MainThread]:  - git [[32mOK found[0m]

[0m01:35:59.877458 [info ] [MainThread]: Connection test skipped since no profile was found
[0m01:35:59.877623 [info ] [MainThread]: [31m2 checks failed:[0m
[0m01:35:59.877756 [info ] [MainThread]: Could not load dbt_project.yml
Profile loading failed for the following reason:
Runtime Error
  Credentials in profile "monorepo", target "dev" invalid: Runtime Error
    Could not find adapter type postgres!


[0m01:35:59.877893 [info ] [MainThread]: Project loading failed for the following reason:
 project path </Users/marcoelumba/Documents/monorepo/dbt_project.yml> not found

[0m01:35:59.878253 [debug] [MainThread]: Command `dbt debug` failed at 01:35:59.878190 after 0.24 seconds
[0m01:35:59.878524 [debug] [MainThread]: Sending event: {'category': 'dbt', 'action': 'invocation', 'label': 'end', 'context': [<snowplow_tracker.self_describing_json.SelfDescribingJson object at 0x106bfbc50>, <snowplow_tracker.self_describing_json.SelfDescribingJson object at 0x106be9250>, <snowplow_tracker.self_describing_json.SelfDescribingJson object at 0x106be8610>]}
[0m01:35:59.878821 [debug] [MainThread]: Flushing usage events
[0m02:35:21.084414 [debug] [MainThread]: Sending event: {'category': 'dbt', 'action': 'invocation', 'label': 'start', 'context': [<snowplow_tracker.self_describing_json.SelfDescribingJson object at 0x10474fcb0>, <snowplow_tracker.self_describing_json.SelfDescribingJson object at 0x10476fb30>, <snowplow_tracker.self_describing_json.SelfDescribingJson object at 0x10476f650>]}


============================== 02:35:21.086159 | 565462ec-83f5-4ccc-b870-81a6b0635c35 ==============================
[0m02:35:21.086159 [info ] [MainThread]: Running with dbt=1.5.2
[0m02:35:21.086531 [debug] [MainThread]: running dbt with arguments {'warn_error_options': 'WarnErrorOptions(include=[], exclude=[])', 'debug': 'False', 'version_check': 'True', 'cache_selected_only': 'False', 'target_path': 'None', 'no_print': 'None', 'write_json': 'True', 'send_anonymous_usage_stats': 'True', 'indirect_selection': 'eager', 'log_path': 'logs', 'fail_fast': 'False', 'warn_error': 'None', 'quiet': 'False', 'use_colors': 'True', 'partial_parse': 'True', 'printer_width': '80', 'log_cache_events': 'False', 'log_format': 'default', 'use_experimental_parser': 'False', 'static_parser': 'True', 'introspect': 'True', 'profiles_dir': '/Users/marcoelumba/.dbt'}
[0m02:35:21.086830 [info ] [MainThread]: dbt version: 1.5.2
[0m02:35:21.086989 [info ] [MainThread]: python version: 3.12.4
[0m02:35:21.087175 [info ] [MainThread]: python path: /opt/anaconda3/bin/python
[0m02:35:21.087347 [info ] [MainThread]: os info: macOS-15.1.1-arm64-arm-64bit
[0m02:35:21.087493 [info ] [MainThread]: Using profiles.yml file at /Users/marcoelumba/.dbt/profiles.yml
[0m02:35:21.087628 [info ] [MainThread]: Using dbt_project.yml file at /Users/marcoelumba/Documents/monorepo/dbt_project.yml
[0m02:35:21.087767 [info ] [MainThread]: Configuration:
[0m02:35:21.090984 [info ] [MainThread]: Error importing adapter: No module named 'dbt.adapters.bigquery'
[0m02:35:21.092328 [info ] [MainThread]: Error importing adapter: No module named 'dbt.adapters.bigquery'
[0m02:35:21.121501 [info ] [MainThread]:   profiles.yml file [[31mERROR invalid[0m]
[0m02:35:21.121748 [info ] [MainThread]:   dbt_project.yml file [[31mERROR not found[0m]
[0m02:35:21.121910 [info ] [MainThread]: Required dependencies:
[0m02:35:21.122094 [debug] [MainThread]: Executing "git --help"
[0m02:35:21.129543 [debug] [MainThread]: STDOUT: "b"usage: git [-v | --version] [-h | --help] [-C <path>] [-c <name>=<value>]\n           [--exec-path[=<path>]] [--html-path] [--man-path] [--info-path]\n           [-p | --paginate | -P | --no-pager] [--no-replace-objects] [--bare]\n           [--git-dir=<path>] [--work-tree=<path>] [--namespace=<name>]\n           [--config-env=<name>=<envvar>] <command> [<args>]\n\nThese are common Git commands used in various situations:\n\nstart a working area (see also: git help tutorial)\n   clone     Clone a repository into a new directory\n   init      Create an empty Git repository or reinitialize an existing one\n\nwork on the current change (see also: git help everyday)\n   add       Add file contents to the index\n   mv        Move or rename a file, a directory, or a symlink\n   restore   Restore working tree files\n   rm        Remove files from the working tree and from the index\n\nexamine the history and state (see also: git help revisions)\n   bisect    Use binary search to find the commit that introduced a bug\n   diff      Show changes between commits, commit and working tree, etc\n   grep      Print lines matching a pattern\n   log       Show commit logs\n   show      Show various types of objects\n   status    Show the working tree status\n\ngrow, mark and tweak your common history\n   branch    List, create, or delete branches\n   commit    Record changes to the repository\n   merge     Join two or more development histories together\n   rebase    Reapply commits on top of another base tip\n   reset     Reset current HEAD to the specified state\n   switch    Switch branches\n   tag       Create, list, delete or verify a tag object signed with GPG\n\ncollaborate (see also: git help workflows)\n   fetch     Download objects and refs from another repository\n   pull      Fetch from and integrate with another repository or a local branch\n   push      Update remote refs along with associated objects\n\n'git help -a' and 'git help -g' list available subcommands and some\nconcept guides. See 'git help <command>' or 'git help <concept>'\nto read about a specific subcommand or concept.\nSee 'git help git' for an overview of the system.\n""
[0m02:35:21.129964 [debug] [MainThread]: STDERR: "b''"
[0m02:35:21.130115 [info ] [MainThread]:  - git [[32mOK found[0m]

[0m02:35:21.130295 [info ] [MainThread]: [31m2 checks failed:[0m
[0m02:35:21.130426 [info ] [MainThread]: Could not load dbt_project.yml

[0m02:35:21.130559 [info ] [MainThread]: Profile loading failed for the following reason:
Runtime Error
  Credentials in profile "default", target "dev" invalid: Runtime Error
    Could not find adapter type bigquery!

Runtime Error
  Credentials in profile "monoreposeu", target "dev" invalid: Runtime Error
    Could not find adapter type bigquery!


[0m02:35:21.130927 [debug] [MainThread]: Command `dbt debug` failed at 02:35:21.130848 after 0.06 seconds
[0m02:35:21.131135 [debug] [MainThread]: Sending event: {'category': 'dbt', 'action': 'invocation', 'label': 'end', 'context': [<snowplow_tracker.self_describing_json.SelfDescribingJson object at 0x100ccb740>, <snowplow_tracker.self_describing_json.SelfDescribingJson object at 0x1042ce630>, <snowplow_tracker.self_describing_json.SelfDescribingJson object at 0x10474fe60>]}
[0m02:35:21.131338 [debug] [MainThread]: Flushing usage events
[0m06:51:25.418246 [debug] [MainThread]: Sending event: {'category': 'dbt', 'action': 'invocation', 'label': 'start', 'context': [<snowplow_tracker.self_describing_json.SelfDescribingJson object at 0x108af8ef0>, <snowplow_tracker.self_describing_json.SelfDescribingJson object at 0x1090c51f0>, <snowplow_tracker.self_describing_json.SelfDescribingJson object at 0x1090c4d40>]}


============================== 06:51:25.419819 | a74acafe-c788-43bb-8f54-4a3d2bb5f676 ==============================
[0m06:51:25.419819 [info ] [MainThread]: Running with dbt=1.8.9
[0m06:51:25.420166 [debug] [MainThread]: running dbt with arguments {'warn_error_options': 'WarnErrorOptions(include=[], exclude=[])', 'write_json': 'True', 'profiles_dir': '/Users/marcoelumba/.dbt', 'no_print': 'None', 'cache_selected_only': 'False', 'version_check': 'True', 'invocation_command': 'dbt debug', 'log_format': 'default', 'static_parser': 'True', 'introspect': 'True', 'use_colors': 'True', 'target_path': 'None', 'send_anonymous_usage_stats': 'True', 'warn_error': 'None', 'use_experimental_parser': 'False', 'log_cache_events': 'False', 'debug': 'False', 'quiet': 'False', 'empty': 'None', 'partial_parse': 'True', 'printer_width': '80', 'fail_fast': 'False', 'indirect_selection': 'eager', 'log_path': 'logs'}
[0m06:51:25.426450 [info ] [MainThread]: dbt version: 1.8.9
[0m06:51:25.426808 [info ] [MainThread]: python version: 3.12.4
[0m06:51:25.426968 [info ] [MainThread]: python path: /opt/anaconda3/bin/python3
[0m06:51:25.427109 [info ] [MainThread]: os info: macOS-15.1.1-arm64-arm-64bit
[0m06:51:26.115196 [info ] [MainThread]: Using profiles dir at /Users/marcoelumba/.dbt
[0m06:51:26.115521 [info ] [MainThread]: Using profiles.yml file at /Users/marcoelumba/.dbt/profiles.yml
[0m06:51:26.115721 [info ] [MainThread]: Using dbt_project.yml file at /Users/marcoelumba/Documents/monorepo/dbt_project.yml
[0m06:51:26.115916 [error] [MainThread]: Encountered an error:
Internal Error
  Profile should not be None if loading profile completed
[0m06:51:26.116159 [debug] [MainThread]: Resource report: {"command_name": "debug", "command_success": false, "command_wall_clock_time": 0.7277871, "process_in_blocks": "0", "process_kernel_time": 1.500018, "process_mem_max_rss": "230932480", "process_out_blocks": "0", "process_user_time": 1.706356}
[0m06:51:26.116407 [debug] [MainThread]: Command `dbt debug` failed at 06:51:26.116363 after 0.73 seconds
[0m06:51:26.116579 [debug] [MainThread]: Sending event: {'category': 'dbt', 'action': 'invocation', 'label': 'end', 'context': [<snowplow_tracker.self_describing_json.SelfDescribingJson object at 0x1090c4e90>, <snowplow_tracker.self_describing_json.SelfDescribingJson object at 0x108e400b0>, <snowplow_tracker.self_describing_json.SelfDescribingJson object at 0x1090801d0>]}
[0m06:51:26.116754 [debug] [MainThread]: Flushing usage events
